<?xml version="1.0" encoding="UTF-8"?>
<testsuite name="Academy Choucair" tests="1" skipped="0" failures="1" errors="0" timestamp="2021-02-12T17:32:46" hostname="DESKTOP-3L5QCDV" time="36.256">
  <properties/>
  <testcase name="Search for automation course" classname="Academy Choucair" time="36.256">
    <failure message="java.lang.AssertionError: no such element: Unable to locate element: {&quot;method&quot;:&quot;xpath&quot;,&quot;selector&quot;:&quot;//h1[contains(text(),'Patrones de Automatizacion')]&quot;}&#10;  (Session info: chrome=88.0.4324.150)&#10;For documentation on this error, please visit: https://www.seleniumhq.org/exceptions/no_such_element.html&#10;Build info: version: '3.141.59', revision: 'e82be7d358', time: '2018-11-14T08:17:03'&#10;System info: host: 'DESKTOP-3L5QCDV', ip: '192.168.0.19', os.name: 'Windows 10', os.arch: 'amd64', os.version: '10.0', java.version: '11.0.9.1'&#10;Driver info: org.openqa.selenium.chrome.ChromeDriver&#10;Capabilities {acceptInsecureCerts: false, browserName: chrome, browserVersion: 88.0.4324.150, chrome: {chromedriverVersion: 88.0.4324.96 (68dba2d8a0b14..., userDataDir: C:\Users\DANNAP~1\AppData\L...}, goog:chromeOptions: {debuggerAddress: localhost:57663}, javascriptEnabled: true, networkConnectionEnabled: false, pageLoadStrategy: normal, platform: WINDOWS, platformName: WINDOWS, proxy: Proxy(), setWindowRect: true, strictFileInteractability: false, timeouts: {implicit: 0, pageLoad: 300000, script: 30000}, unhandledPromptBehavior: dismiss and notify, webauthn:extension:largeBlob: true, webauthn:virtualAuthenticators: true}&#10;Session ID: a367eb750f6eaabc13c8ceb4393054a2&#10;*** Element info: {Using=xpath, value=//h1[contains(text(),'Patrones de Automatizacion')]}" type="java.lang.AssertionError">java.lang.AssertionError: no such element: Unable to locate element: {&quot;method&quot;:&quot;xpath&quot;,&quot;selector&quot;:&quot;//h1[contains(text(),'Patrones de Automatizacion')]&quot;}
  (Session info: chrome=88.0.4324.150)
For documentation on this error, please visit: https://www.seleniumhq.org/exceptions/no_such_element.html
Build info: version: '3.141.59', revision: 'e82be7d358', time: '2018-11-14T08:17:03'
System info: host: 'DESKTOP-3L5QCDV', ip: '192.168.0.19', os.name: 'Windows 10', os.arch: 'amd64', os.version: '10.0', java.version: '11.0.9.1'
Driver info: org.openqa.selenium.chrome.ChromeDriver
Capabilities {acceptInsecureCerts: false, browserName: chrome, browserVersion: 88.0.4324.150, chrome: {chromedriverVersion: 88.0.4324.96 (68dba2d8a0b14..., userDataDir: C:\Users\DANNAP~1\AppData\L...}, goog:chromeOptions: {debuggerAddress: localhost:57663}, javascriptEnabled: true, networkConnectionEnabled: false, pageLoadStrategy: normal, platform: WINDOWS, platformName: WINDOWS, proxy: Proxy(), setWindowRect: true, strictFileInteractability: false, timeouts: {implicit: 0, pageLoad: 300000, script: 30000}, unhandledPromptBehavior: dismiss and notify, webauthn:extension:largeBlob: true, webauthn:virtualAuthenticators: true}
Session ID: a367eb750f6eaabc13c8ceb4393054a2
*** Element info: {Using=xpath, value=//h1[contains(text(),'Patrones de Automatizacion')]}
	at net.serenitybdd.screenplay.ErrorTally.throwSummaryExceptionFrom(ErrorTally.java:36)
	at net.serenitybdd.screenplay.ErrorTally.reportAnyErrors(ErrorTally.java:30)
	at net.serenitybdd.screenplay.Actor.should(Actor.java:301)
	at co.com.choucair.certification.academy.stepdefinitions.ChoucairAcademyStepDefintions.sheFindsTheCourseCalledResourcesPatronesDeAutomatizacion(ChoucairAcademyStepDefintions.java:38)
	at ✽.she finds the course called resources(src/test/resources/features/academyChoucair.feature:12)
</failure>
  </testcase>
  <system-out><![CDATA[]]></system-out>
  <system-err><![CDATA[[Test worker] WARN net.thucydides.core.steps.BaseStepListener - stepStarted: net.thucydides.core.steps.ExecutedStepDescription@54a8d13f
[Test worker] WARN net.thucydides.core.steps.BaseStepListener - stepStarted: net.thucydides.core.steps.ExecutedStepDescription@67aaed29
[Test worker] WARN net.thucydides.core.steps.BaseStepListener - stepStarted: net.thucydides.core.steps.ExecutedStepDescription@74aab89d
feb. 12, 2021 12:32:47 P. M. org.openqa.selenium.remote.DesiredCapabilities chrome
INFORMACIÓN: Using `new ChromeOptions()` is preferred to `DesiredCapabilities.chrome()`
[Test worker] INFO net.serenitybdd.core.webdriver.driverproviders.ProvideNewDriver - Instantiating driver
[Test worker] INFO net.serenitybdd.core.webdriver.driverproviders.ProvideNewDriver - Driver capabilities: Capabilities {acceptInsecureCerts: false, browserName: chrome, chrome.switches: --start-maximized, goog:chromeOptions: {args: [--start-maximized], extensions: []}, loggingPrefs: org.openqa.selenium.logging..., platform: ANY, version: }
Starting ChromeDriver 88.0.4324.96 (68dba2d8a0b149a1d3afac56fa74648032bcf46b-refs/branch-heads/4324@{#1784}) on port 11406
Only local connections are allowed.
Please see https://chromedriver.chromium.org/security-considerations for suggestions on keeping ChromeDriver safe.
ChromeDriver was started successfully.
feb. 12, 2021 12:32:50 P. M. org.openqa.selenium.remote.ProtocolHandshake createSession
INFORMACIÓN: Detected dialect: W3C
[Test worker] WARN net.thucydides.core.steps.BaseStepListener - stepFinished: current outcome:Search for automation course:Given than Danna wants to learn automation at the academy choucair
| strUser | strPassword |
| 1085331400 | Choucair2021* | [Danna open up [Danna opens the Choucair academy page]]
[Test worker] WARN net.thucydides.core.steps.BaseStepListener - stepFinished: current outcome:Search for automation course:Given than Danna wants to learn automation at the academy choucair
| strUser | strPassword |
| 1085331400 | Choucair2021* | [Danna open up [Danna opens the Choucair academy page]]
[Test worker] WARN net.thucydides.core.steps.BaseStepListener - stepStarted: net.thucydides.core.steps.ExecutedStepDescription@7146f92c
[Test worker] WARN net.thucydides.core.steps.BaseStepListener - stepStarted: net.thucydides.core.steps.ExecutedStepDescription@2b46e983
[Test worker] WARN net.thucydides.core.steps.BaseStepListener - stepFinished: current outcome:Search for automation course:Given than Danna wants to learn automation at the academy choucair
| strUser | strPassword |
| 1085331400 | Choucair2021* | [Danna open up [Danna opens the Choucair academy page], Danna login [Danna clicks on button that shows us the form to login]]
[Test worker] WARN net.thucydides.core.steps.BaseStepListener - stepStarted: net.thucydides.core.steps.ExecutedStepDescription@5ecb430b
[Test worker] WARN net.thucydides.core.steps.BaseStepListener - stepFinished: current outcome:Search for automation course:Given than Danna wants to learn automation at the academy choucair
| strUser | strPassword |
| 1085331400 | Choucair2021* | [Danna open up [Danna opens the Choucair academy page], Danna login [Danna clicks on button that shows us the form to login, Danna enters '1085331400' into where do we write to user]]
[Test worker] WARN net.thucydides.core.steps.BaseStepListener - stepStarted: net.thucydides.core.steps.ExecutedStepDescription@31061255
[Test worker] WARN net.thucydides.core.steps.BaseStepListener - stepFinished: current outcome:Search for automation course:Given than Danna wants to learn automation at the academy choucair
| strUser | strPassword |
| 1085331400 | Choucair2021* | [Danna open up [Danna opens the Choucair academy page], Danna login [Danna clicks on button that shows us the form to login, Danna enters '1085331400' into where do we write to user, Danna enters 'Choucair2021*' into where do we write to password]]
[Test worker] WARN net.thucydides.core.steps.BaseStepListener - stepStarted: net.thucydides.core.steps.ExecutedStepDescription@3c3433f1
[Test worker] WARN net.thucydides.core.steps.BaseStepListener - stepFinished: current outcome:Search for automation course:Given than Danna wants to learn automation at the academy choucair
| strUser | strPassword |
| 1085331400 | Choucair2021* | [Danna open up [Danna opens the Choucair academy page], Danna login [Danna clicks on button that shows us the form to login, Danna enters '1085331400' into where do we write to user, Danna enters 'Choucair2021*' into where do we write to password, Danna clicks on button to confirm login]]
[Test worker] WARN net.thucydides.core.steps.BaseStepListener - stepFinished: current outcome:Search for automation course:Given than Danna wants to learn automation at the academy choucair
| strUser | strPassword |
| 1085331400 | Choucair2021* | [Danna open up [Danna opens the Choucair academy page], Danna login [Danna clicks on button that shows us the form to login, Danna enters '1085331400' into where do we write to user, Danna enters 'Choucair2021*' into where do we write to password, Danna clicks on button to confirm login]]
[Test worker] WARN net.thucydides.core.steps.BaseStepListener - stepFinished: current outcome:Search for automation course:Given than Danna wants to learn automation at the academy choucair
| strUser | strPassword |
| 1085331400 | Choucair2021* | [Danna open up [Danna opens the Choucair academy page], Danna login [Danna clicks on button that shows us the form to login, Danna enters '1085331400' into where do we write to user, Danna enters 'Choucair2021*' into where do we write to password, Danna clicks on button to confirm login]]
[Test worker] WARN net.thucydides.core.steps.BaseStepListener - stepStarted: net.thucydides.core.steps.ExecutedStepDescription@15262fad
[Test worker] WARN net.thucydides.core.steps.BaseStepListener - stepStarted: net.thucydides.core.steps.ExecutedStepDescription@7d15de4
[Test worker] WARN net.thucydides.core.steps.BaseStepListener - stepStarted: net.thucydides.core.steps.ExecutedStepDescription@593a2e5e
[Test worker] WARN net.thucydides.core.steps.BaseStepListener - stepFinished: current outcome:Search for automation course:Given than Danna wants to learn automation at the academy choucair
| strUser | strPassword |
| 1085331400 | Choucair2021* | [Danna open up [Danna opens the Choucair academy page], Danna login [Danna clicks on button that shows us the form to login, Danna enters '1085331400' into where do we write to user, Danna enters 'Choucair2021*' into where do we write to password, Danna clicks on button to confirm login]], When she search for the course on the choucair academy platform
| strCourse |
| Patrones de Automatizacion | [Danna search [Danna clicks on Select Cursos y certificacioes]]
[Test worker] WARN net.thucydides.core.steps.BaseStepListener - stepFinished: current outcome:Search for automation course:Given than Danna wants to learn automation at the academy choucair
| strUser | strPassword |
| 1085331400 | Choucair2021* | [Danna open up [Danna opens the Choucair academy page], Danna login [Danna clicks on button that shows us the form to login, Danna enters '1085331400' into where do we write to user, Danna enters 'Choucair2021*' into where do we write to password, Danna clicks on button to confirm login]], When she search for the course on the choucair academy platform
| strCourse |
| Patrones de Automatizacion | [Danna search [Danna clicks on Select Cursos y certificacioes]]
[Test worker] WARN net.thucydides.core.steps.BaseStepListener - stepFinished: current outcome:Search for automation course:Given than Danna wants to learn automation at the academy choucair
| strUser | strPassword |
| 1085331400 | Choucair2021* | [Danna open up [Danna opens the Choucair academy page], Danna login [Danna clicks on button that shows us the form to login, Danna enters '1085331400' into where do we write to user, Danna enters 'Choucair2021*' into where do we write to password, Danna clicks on button to confirm login]], When she search for the course on the choucair academy platform
| strCourse |
| Patrones de Automatizacion | [Danna search [Danna clicks on Select Cursos y certificacioes]]
[Test worker] WARN net.thucydides.core.steps.BaseStepListener - stepStarted: net.thucydides.core.steps.ExecutedStepDescription@6651e057
[Test worker] WARN net.thucydides.core.steps.BaseStepListener - stepStarted: net.thucydides.core.steps.ExecutedStepDescription@7ed0c15
[Test worker] WARN net.thucydides.core.steps.BaseStepListener - testFinished: Search for automation course:Given than Danna wants to learn automation at the academy choucair
| strUser | strPassword |
| 1085331400 | Choucair2021* | [Danna open up [Danna opens the Choucair academy page], Danna login [Danna clicks on button that shows us the form to login, Danna enters '1085331400' into where do we write to user, Danna enters 'Choucair2021*' into where do we write to password, Danna clicks on button to confirm login]], When she search for the course on the choucair academy platform
| strCourse |
| Patrones de Automatizacion | [Danna search [Danna clicks on Select Cursos y certificacioes]], Then she finds the course called resources
| strCourse |
| Patrones de Automatizacion | [Then answer]
[Test worker] WARN net.thucydides.core.steps.BaseStepListener - TestOutcomes: [Search for automation course:Given than Danna wants to learn automation at the academy choucair
| strUser | strPassword |
| 1085331400 | Choucair2021* | [Danna open up [Danna opens the Choucair academy page], Danna login [Danna clicks on button that shows us the form to login, Danna enters '1085331400' into where do we write to user, Danna enters 'Choucair2021*' into where do we write to password, Danna clicks on button to confirm login]], When she search for the course on the choucair academy platform
| strCourse |
| Patrones de Automatizacion | [Danna search [Danna clicks on Select Cursos y certificacioes]], Then she finds the course called resources
| strCourse |
| Patrones de Automatizacion | [Then answer]]
[Test worker] WARN net.thucydides.core.steps.BaseStepListener - Final testOutcomes: [Search for automation course:Given than Danna wants to learn automation at the academy choucair
| strUser | strPassword |
| 1085331400 | Choucair2021* | [Danna open up [Danna opens the Choucair academy page], Danna login [Danna clicks on button that shows us the form to login, Danna enters '1085331400' into where do we write to user, Danna enters 'Choucair2021*' into where do we write to password, Danna clicks on button to confirm login]], When she search for the course on the choucair academy platform
| strCourse |
| Patrones de Automatizacion | [Danna search [Danna clicks on Select Cursos y certificacioes]], Then she finds the course called resources
| strCourse |
| Patrones de Automatizacion | [Then answer]]
[Test worker] ERROR net.thucydides.core.steps.ConsoleLoggingListener - 
           __  _____ _____ ____ _____   _____ _    ___ _     _____ ____  
  _       / / |_   _| ____/ ___|_   _| |  ___/ \  |_ _| |   | ____|  _ \ 
 (_)_____| |    | | |  _| \___ \ | |   | |_ / _ \  | || |   |  _| | | | |
  _|_____| |    | | | |___ ___) || |   |  _/ ___ \ | || |___| |___| |_| |
 (_)     | |    |_| |_____|____/ |_|   |_|/_/   \_\___|_____|_____|____/ 
          \_\                                                            

TEST FAILED WITH ERROR: Search for automation course
---------------------------------------------------------------------
[Test worker] ERROR net.thucydides.core.steps.ConsoleLoggingListener - TEST FAILED AT STEP Then answer
[Test worker] ERROR net.thucydides.core.steps.ConsoleLoggingListener - no such element: Unable to locate element: {"method":"xpath","selector":"//h1[contains(text(),'Patrones de Automatizacion')]"}
]]></system-err>
</testsuite>
