<!DOCTYPE html>
<html>
<head>
<meta http-equiv="Content-Type" content="text/html; charset=utf-8"/>
<meta http-equiv="x-ua-compatible" content="IE=edge"/>
<title>Test results - Class Academy Choucair</title>
<link href="../css/base-style.css" rel="stylesheet" type="text/css"/>
<link href="../css/style.css" rel="stylesheet" type="text/css"/>
<script src="../js/report.js" type="text/javascript"></script>
</head>
<body>
<div id="content">
<h1>Class Academy Choucair</h1>
<div class="breadcrumbs">
<a href="../index.html">all</a> &gt; 
<a href="../packages/default-package.html">default-package</a> &gt; Academy Choucair</div>
<div id="summary">
<table>
<tr>
<td>
<div class="summaryGroup">
<table>
<tr>
<td>
<div class="infoBox" id="tests">
<div class="counter">1</div>
<p>tests</p>
</div>
</td>
<td>
<div class="infoBox" id="failures">
<div class="counter">1</div>
<p>failures</p>
</div>
</td>
<td>
<div class="infoBox" id="ignored">
<div class="counter">0</div>
<p>ignored</p>
</div>
</td>
<td>
<div class="infoBox" id="duration">
<div class="counter">36.773s</div>
<p>duration</p>
</div>
</td>
</tr>
</table>
</div>
</td>
<td>
<div class="infoBox failures" id="successRate">
<div class="percent">0%</div>
<p>successful</p>
</div>
</td>
</tr>
</table>
</div>
<div id="tabs">
<ul class="tabLinks">
<li>
<a href="#tab0">Failed tests</a>
</li>
<li>
<a href="#tab1">Tests</a>
</li>
<li>
<a href="#tab2">Standard error</a>
</li>
</ul>
<div id="tab0" class="tab">
<h2>Failed tests</h2>
<div class="test">
<a name="Search for automation course"></a>
<h3 class="failures">Search for automation course</h3>
<span class="code">
<pre>java.lang.AssertionError: no such element: Unable to locate element: {&quot;method&quot;:&quot;xpath&quot;,&quot;selector&quot;:&quot;//h1[contains(text(),'Patrones de Automatizacion')]&quot;}
  (Session info: chrome=88.0.4324.150)
For documentation on this error, please visit: https://www.seleniumhq.org/exceptions/no_such_element.html
Build info: version: '3.141.59', revision: 'e82be7d358', time: '2018-11-14T08:17:03'
System info: host: 'DESKTOP-3L5QCDV', ip: '192.168.0.19', os.name: 'Windows 10', os.arch: 'amd64', os.version: '10.0', java.version: '11.0.9.1'
Driver info: org.openqa.selenium.chrome.ChromeDriver
Capabilities {acceptInsecureCerts: false, browserName: chrome, browserVersion: 88.0.4324.150, chrome: {chromedriverVersion: 88.0.4324.96 (68dba2d8a0b14..., userDataDir: C:\Users\DANNAP~1\AppData\L...}, goog:chromeOptions: {debuggerAddress: localhost:56700}, javascriptEnabled: true, networkConnectionEnabled: false, pageLoadStrategy: normal, platform: WINDOWS, platformName: WINDOWS, proxy: Proxy(), setWindowRect: true, strictFileInteractability: false, timeouts: {implicit: 0, pageLoad: 300000, script: 30000}, unhandledPromptBehavior: dismiss and notify, webauthn:extension:largeBlob: true, webauthn:virtualAuthenticators: true}
Session ID: e76a8dc48c9e794d2375e1b91e365506
*** Element info: {Using=xpath, value=//h1[contains(text(),'Patrones de Automatizacion')]}
	at net.serenitybdd.screenplay.ErrorTally.throwSummaryExceptionFrom(ErrorTally.java:36)
	at net.serenitybdd.screenplay.ErrorTally.reportAnyErrors(ErrorTally.java:30)
	at net.serenitybdd.screenplay.Actor.should(Actor.java:301)
	at co.com.choucair.certification.academy.stepdefinitions.ChoucairAcademyStepDefintions.sheFindsTheCourseCalledResourcesPatronesDeAutomatizacion(ChoucairAcademyStepDefintions.java:38)
	at ✽.she finds the course called resources(src/test/resources/features/academyChoucair.feature:12)
</pre>
</span>
</div>
</div>
<div id="tab1" class="tab">
<h2>Tests</h2>
<table>
<thead>
<tr>
<th>Test</th>
<th>Duration</th>
<th>Result</th>
</tr>
</thead>
<tr>
<td class="failures">Search for automation course</td>
<td class="failures">36.773s</td>
<td class="failures">failed</td>
</tr>
</table>
</div>
<div id="tab2" class="tab">
<h2>Standard error</h2>
<span class="code">
<pre>[Test worker] WARN net.thucydides.core.steps.BaseStepListener - stepStarted: net.thucydides.core.steps.ExecutedStepDescription@7c08b311
[Test worker] WARN net.thucydides.core.steps.BaseStepListener - stepStarted: net.thucydides.core.steps.ExecutedStepDescription@3a6a364a
[Test worker] WARN net.thucydides.core.steps.BaseStepListener - stepStarted: net.thucydides.core.steps.ExecutedStepDescription@33a2a6bd
feb. 12, 2021 11:54:37 A. M. org.openqa.selenium.remote.DesiredCapabilities chrome
INFORMACIÓN: Using `new ChromeOptions()` is preferred to `DesiredCapabilities.chrome()`
[Test worker] INFO net.serenitybdd.core.webdriver.driverproviders.ProvideNewDriver - Instantiating driver
[Test worker] INFO net.serenitybdd.core.webdriver.driverproviders.ProvideNewDriver - Driver capabilities: Capabilities {acceptInsecureCerts: false, browserName: chrome, chrome.switches: --start-maximized, goog:chromeOptions: {args: [--start-maximized], extensions: []}, loggingPrefs: org.openqa.selenium.logging..., platform: ANY, version: }
Starting ChromeDriver 88.0.4324.96 (68dba2d8a0b149a1d3afac56fa74648032bcf46b-refs/branch-heads/4324@{#1784}) on port 10172
Only local connections are allowed.
Please see https://chromedriver.chromium.org/security-considerations for suggestions on keeping ChromeDriver safe.
ChromeDriver was started successfully.
feb. 12, 2021 11:54:41 A. M. org.openqa.selenium.remote.ProtocolHandshake createSession
INFORMACIÓN: Detected dialect: W3C
[Test worker] WARN net.thucydides.core.steps.BaseStepListener - stepFinished: current outcome:Search for automation course:Given than Danna wants to learn automation at the academy choucair
| strUser | strPassword |
| 1085331400 | Choucair2021* | [Danna open up [Danna opens the Choucair academy page]]
[Test worker] WARN net.thucydides.core.steps.BaseStepListener - stepFinished: current outcome:Search for automation course:Given than Danna wants to learn automation at the academy choucair
| strUser | strPassword |
| 1085331400 | Choucair2021* | [Danna open up [Danna opens the Choucair academy page]]
[Test worker] WARN net.thucydides.core.steps.BaseStepListener - stepStarted: net.thucydides.core.steps.ExecutedStepDescription@316e80c8
[Test worker] WARN net.thucydides.core.steps.BaseStepListener - stepStarted: net.thucydides.core.steps.ExecutedStepDescription@ee0b809
[Test worker] WARN net.thucydides.core.steps.BaseStepListener - stepFinished: current outcome:Search for automation course:Given than Danna wants to learn automation at the academy choucair
| strUser | strPassword |
| 1085331400 | Choucair2021* | [Danna open up [Danna opens the Choucair academy page], Danna login [Danna clicks on button that shows us the form to login]]
[Test worker] WARN net.thucydides.core.steps.BaseStepListener - stepStarted: net.thucydides.core.steps.ExecutedStepDescription@50a2bd2e
[Test worker] WARN net.thucydides.core.steps.BaseStepListener - stepFinished: current outcome:Search for automation course:Given than Danna wants to learn automation at the academy choucair
| strUser | strPassword |
| 1085331400 | Choucair2021* | [Danna open up [Danna opens the Choucair academy page], Danna login [Danna clicks on button that shows us the form to login, Danna enters '1085331400' into where do we write to user]]
[Test worker] WARN net.thucydides.core.steps.BaseStepListener - stepStarted: net.thucydides.core.steps.ExecutedStepDescription@60419e31
[Test worker] WARN net.thucydides.core.steps.BaseStepListener - stepFinished: current outcome:Search for automation course:Given than Danna wants to learn automation at the academy choucair
| strUser | strPassword |
| 1085331400 | Choucair2021* | [Danna open up [Danna opens the Choucair academy page], Danna login [Danna clicks on button that shows us the form to login, Danna enters '1085331400' into where do we write to user, Danna enters 'Choucair2021*' into where do we write to password]]
[Test worker] WARN net.thucydides.core.steps.BaseStepListener - stepStarted: net.thucydides.core.steps.ExecutedStepDescription@400ba334
[Test worker] WARN net.thucydides.core.steps.BaseStepListener - stepFinished: current outcome:Search for automation course:Given than Danna wants to learn automation at the academy choucair
| strUser | strPassword |
| 1085331400 | Choucair2021* | [Danna open up [Danna opens the Choucair academy page], Danna login [Danna clicks on button that shows us the form to login, Danna enters '1085331400' into where do we write to user, Danna enters 'Choucair2021*' into where do we write to password, Danna clicks on button to confirm login]]
[Test worker] WARN net.thucydides.core.steps.BaseStepListener - stepFinished: current outcome:Search for automation course:Given than Danna wants to learn automation at the academy choucair
| strUser | strPassword |
| 1085331400 | Choucair2021* | [Danna open up [Danna opens the Choucair academy page], Danna login [Danna clicks on button that shows us the form to login, Danna enters '1085331400' into where do we write to user, Danna enters 'Choucair2021*' into where do we write to password, Danna clicks on button to confirm login]]
[Test worker] WARN net.thucydides.core.steps.BaseStepListener - stepFinished: current outcome:Search for automation course:Given than Danna wants to learn automation at the academy choucair
| strUser | strPassword |
| 1085331400 | Choucair2021* | [Danna open up [Danna opens the Choucair academy page], Danna login [Danna clicks on button that shows us the form to login, Danna enters '1085331400' into where do we write to user, Danna enters 'Choucair2021*' into where do we write to password, Danna clicks on button to confirm login]]
[Test worker] WARN net.thucydides.core.steps.BaseStepListener - stepStarted: net.thucydides.core.steps.ExecutedStepDescription@4e69558
[Test worker] WARN net.thucydides.core.steps.BaseStepListener - stepStarted: net.thucydides.core.steps.ExecutedStepDescription@3cb4fb89
[Test worker] WARN net.thucydides.core.steps.BaseStepListener - stepStarted: net.thucydides.core.steps.ExecutedStepDescription@2d6d51f0
[Test worker] WARN net.thucydides.core.steps.BaseStepListener - stepFinished: current outcome:Search for automation course:Given than Danna wants to learn automation at the academy choucair
| strUser | strPassword |
| 1085331400 | Choucair2021* | [Danna open up [Danna opens the Choucair academy page], Danna login [Danna clicks on button that shows us the form to login, Danna enters '1085331400' into where do we write to user, Danna enters 'Choucair2021*' into where do we write to password, Danna clicks on button to confirm login]], When she search for the course on the choucair academy platform
| strCourse |
| Patrones de Automatizacion | [Danna search [Danna clicks on Select Cursos y certificacioes]]
[Test worker] WARN net.thucydides.core.steps.BaseStepListener - stepFinished: current outcome:Search for automation course:Given than Danna wants to learn automation at the academy choucair
| strUser | strPassword |
| 1085331400 | Choucair2021* | [Danna open up [Danna opens the Choucair academy page], Danna login [Danna clicks on button that shows us the form to login, Danna enters '1085331400' into where do we write to user, Danna enters 'Choucair2021*' into where do we write to password, Danna clicks on button to confirm login]], When she search for the course on the choucair academy platform
| strCourse |
| Patrones de Automatizacion | [Danna search [Danna clicks on Select Cursos y certificacioes]]
[Test worker] WARN net.thucydides.core.steps.BaseStepListener - stepFinished: current outcome:Search for automation course:Given than Danna wants to learn automation at the academy choucair
| strUser | strPassword |
| 1085331400 | Choucair2021* | [Danna open up [Danna opens the Choucair academy page], Danna login [Danna clicks on button that shows us the form to login, Danna enters '1085331400' into where do we write to user, Danna enters 'Choucair2021*' into where do we write to password, Danna clicks on button to confirm login]], When she search for the course on the choucair academy platform
| strCourse |
| Patrones de Automatizacion | [Danna search [Danna clicks on Select Cursos y certificacioes]]
[Test worker] WARN net.thucydides.core.steps.BaseStepListener - stepStarted: net.thucydides.core.steps.ExecutedStepDescription@23a5028b
[Test worker] WARN net.thucydides.core.steps.BaseStepListener - stepStarted: net.thucydides.core.steps.ExecutedStepDescription@ed99393
[Test worker] WARN net.thucydides.core.steps.BaseStepListener - testFinished: Search for automation course:Given than Danna wants to learn automation at the academy choucair
| strUser | strPassword |
| 1085331400 | Choucair2021* | [Danna open up [Danna opens the Choucair academy page], Danna login [Danna clicks on button that shows us the form to login, Danna enters '1085331400' into where do we write to user, Danna enters 'Choucair2021*' into where do we write to password, Danna clicks on button to confirm login]], When she search for the course on the choucair academy platform
| strCourse |
| Patrones de Automatizacion | [Danna search [Danna clicks on Select Cursos y certificacioes]], Then she finds the course called resources
| strCourse |
| Patrones de Automatizacion | [Then answer]
[Test worker] WARN net.thucydides.core.steps.BaseStepListener - TestOutcomes: [Search for automation course:Given than Danna wants to learn automation at the academy choucair
| strUser | strPassword |
| 1085331400 | Choucair2021* | [Danna open up [Danna opens the Choucair academy page], Danna login [Danna clicks on button that shows us the form to login, Danna enters '1085331400' into where do we write to user, Danna enters 'Choucair2021*' into where do we write to password, Danna clicks on button to confirm login]], When she search for the course on the choucair academy platform
| strCourse |
| Patrones de Automatizacion | [Danna search [Danna clicks on Select Cursos y certificacioes]], Then she finds the course called resources
| strCourse |
| Patrones de Automatizacion | [Then answer]]
[Test worker] WARN net.thucydides.core.steps.BaseStepListener - Final testOutcomes: [Search for automation course:Given than Danna wants to learn automation at the academy choucair
| strUser | strPassword |
| 1085331400 | Choucair2021* | [Danna open up [Danna opens the Choucair academy page], Danna login [Danna clicks on button that shows us the form to login, Danna enters '1085331400' into where do we write to user, Danna enters 'Choucair2021*' into where do we write to password, Danna clicks on button to confirm login]], When she search for the course on the choucair academy platform
| strCourse |
| Patrones de Automatizacion | [Danna search [Danna clicks on Select Cursos y certificacioes]], Then she finds the course called resources
| strCourse |
| Patrones de Automatizacion | [Then answer]]
[Test worker] ERROR net.thucydides.core.steps.ConsoleLoggingListener - 
           __  _____ _____ ____ _____   _____ _    ___ _     _____ ____  
  _       / / |_   _| ____/ ___|_   _| |  ___/ \  |_ _| |   | ____|  _ \ 
 (_)_____| |    | | |  _| \___ \ | |   | |_ / _ \  | || |   |  _| | | | |
  _|_____| |    | | | |___ ___) || |   |  _/ ___ \ | || |___| |___| |_| |
 (_)     | |    |_| |_____|____/ |_|   |_|/_/   \_\___|_____|_____|____/ 
          \_\                                                            

TEST FAILED WITH ERROR: Search for automation course
---------------------------------------------------------------------
[Test worker] ERROR net.thucydides.core.steps.ConsoleLoggingListener - TEST FAILED AT STEP Then answer
[Test worker] ERROR net.thucydides.core.steps.ConsoleLoggingListener - no such element: Unable to locate element: {&quot;method&quot;:&quot;xpath&quot;,&quot;selector&quot;:&quot;//h1[contains(text(),'Patrones de Automatizacion')]&quot;}
</pre>
</span>
</div>
</div>
<div id="footer">
<p>
<div>
<label class="hidden" id="label-for-line-wrapping-toggle" for="line-wrapping-toggle">Wrap lines
<input id="line-wrapping-toggle" type="checkbox" autocomplete="off"/>
</label>
</div>Generated by 
<a href="http://www.gradle.org">Gradle 6.7</a> at 12/02/2021, 11:55:17 a. m.</p>
</div>
</div>
</body>
</html>
